<?xml version="1.0" encoding="UTF-8"?>
<!-- Generated by org.testng.reporters.JUnitXMLReporter -->
<testsuite ignored="0" hostname="DESKTOP-URGIKAB" failures="1" tests="5" name="Test Chrome" time="67.314" errors="0" timestamp="2022-12-07T13:37:52 IST">
  <testcase classname="com.qa.testscripts.AmazonSearch" name="getTest" time="6.342"/>
  <testcase classname="com.qa.testscripts.AmazonSearch" name="getTest" time="4.6"/>
  <testcase classname="com.qa.testscripts.AmazonSearch" name="getTest" time="11.763"/>
  <testcase classname="com.qa.testscripts.AmazonSearch" name="getTest" time="9.573"/>
  <testcase classname="com.qa.testscripts.AmazonSearch" name="getTest" time="0.707">
    <failure type="org.openqa.selenium.NoSuchElementException" message="Cannot locate element with text: Cards
For documentation on this error, please visit: https://www.seleniumhq.org/exceptions/no_such_element.html
Build info: version: &amp;apos;3.141.59&amp;apos;, revision: &amp;apos;e82be7d358&amp;apos;, time: &amp;apos;2018-11-14T08:17:03&amp;apos;
System info: host: &amp;apos;DESKTOP-URGIKAB&amp;apos;, ip: &amp;apos;10.56.5.73&amp;apos;, os.name: &amp;apos;Windows 10&amp;apos;, os.arch: &amp;apos;amd64&amp;apos;, os.version: &amp;apos;10.0&amp;apos;, java.version: &amp;apos;16.0.2&amp;apos;
Driver info: driver.version: unknown">
      <![CDATA[org.openqa.selenium.NoSuchElementException: Cannot locate element with text: Cards
For documentation on this error, please visit: https://www.seleniumhq.org/exceptions/no_such_element.html
Build info: version: '3.141.59', revision: 'e82be7d358', time: '2018-11-14T08:17:03'
System info: host: 'DESKTOP-URGIKAB', ip: '10.56.5.73', os.name: 'Windows 10', os.arch: 'amd64', os.version: '10.0', java.version: '16.0.2'
Driver info: driver.version: unknown
at org.openqa.selenium.support.ui.Select.selectByVisibleText(Select.java:147)
at com.qa.testscripts.AmazonSearch.getTest(AmazonSearch.java:47)
at java.base/java.util.concurrent.ThreadPoolExecutor.runWorker(ThreadPoolExecutor.java:1130)
at java.base/java.util.concurrent.ThreadPoolExecutor$Worker.run(ThreadPoolExecutor.java:630)
at java.base/java.lang.Thread.run(Thread.java:831)
... Removed 12 stack frames]]>
    </failure>
  </testcase> <!-- getTest -->
</testsuite> <!-- Test Chrome -->
